# JRE version: Java(TM) SE Runtime Environment (8.0_291-b10) (build 1.8.0_291-b10)
# Java VM: Java HotSpot(TM) 64-Bit Server VM (25.291-b10 mixed mode windows-amd64 compressed oops)
Heap:
 PSYoungGen      total 169472K, used 131237K [0x00000000d5580000, 0x00000000e3400000, 0x0000000100000000)
  eden space 153600K, 85% used [0x00000000d5580000,0x00000000dd5a9590,0x00000000deb80000)
  from space 15872K, 0% used [0x00000000deb80000,0x00000000deb80000,0x00000000dfb00000)
  to   space 20992K, 0% used [0x00000000e1f80000,0x00000000e1f80000,0x00000000e3400000)
 ParOldGen       total 195584K, used 38190K [0x0000000080000000, 0x000000008bf00000, 0x00000000d5580000)
  object space 195584K, 19% used [0x0000000080000000,0x000000008254b8b8,0x000000008bf00000)
 Metaspace       used 66591K, capacity 69032K, committed 69376K, reserved 1107968K
  class space    used 9360K, capacity 9888K, committed 9984K, reserved 1048576K
GC Heap History (10 events):
Event: 7.585 GC heap before
{Heap before GC invocations=10 (full 2):
 PSYoungGen      total 140800K, used 8000K [0x00000000d5580000, 0x00000000e0700000, 0x0000000100000000)
  eden space 128000K, 0% used [0x00000000d5580000,0x00000000d5580000,0x00000000dd280000)
  from space 12800K, 62% used [0x00000000dde80000,0x00000000de6503a0,0x00000000deb00000)
  to   space 12288K, 0% used [0x00000000dd280000,0x00000000dd280000,0x00000000dde80000)
 ParOldGen       total 77824K, used 7879K [0x0000000080000000, 0x0000000084c00000, 0x00000000d5580000)
  object space 77824K, 10% used [0x0000000080000000,0x00000000807b1de8,0x0000000084c00000)
 Metaspace       used 34340K, capacity 35476K, committed 35496K, reserved 1079296K
  class space    used 4810K, capacity 5101K, committed 5120K, reserved 1048576K
Event: 7.735 GC heap after
Heap after GC invocations=10 (full 2):
 PSYoungGen      total 140800K, used 0K [0x00000000d5580000, 0x00000000e0700000, 0x0000000100000000)
  eden space 128000K, 0% used [0x00000000d5580000,0x00000000d5580000,0x00000000dd280000)
  from space 12800K, 0% used [0x00000000dde80000,0x00000000dde80000,0x00000000deb00000)
  to   space 12288K, 0% used [0x00000000dd280000,0x00000000dd280000,0x00000000dde80000)
 ParOldGen       total 123392K, used 14725K [0x0000000080000000, 0x0000000087880000, 0x00000000d5580000)
  object space 123392K, 11% used [0x0000000080000000,0x0000000080e61658,0x0000000087880000)
 Metaspace       used 34340K, capacity 35476K, committed 35496K, reserved 1079296K
  class space    used 4810K, capacity 5101K, committed 5120K, reserved 1048576K
}
Event: 9.220 GC heap before
{Heap before GC invocations=11 (full 2):
 PSYoungGen      total 140800K, used 128000K [0x00000000d5580000, 0x00000000e0700000, 0x0000000100000000)
  eden space 128000K, 100% used [0x00000000d5580000,0x00000000dd280000,0x00000000dd280000)
  from space 12800K, 0% used [0x00000000dde80000,0x00000000dde80000,0x00000000deb00000)
  to   space 12288K, 0% used [0x00000000dd280000,0x00000000dd280000,0x00000000dde80000)
 ParOldGen       total 123392K, used 14725K [0x0000000080000000, 0x0000000087880000, 0x00000000d5580000)
  object space 123392K, 11% used [0x0000000080000000,0x0000000080e61658,0x0000000087880000)
 Metaspace       used 37623K, capacity 39162K, committed 39424K, reserved 1083392K
  class space    used 5267K, capacity 5614K, committed 5632K, reserved 1048576K
Event: 9.237 GC heap after
Heap after GC invocations=11 (full 2):
 PSYoungGen      total 140288K, used 7093K [0x00000000d5580000, 0x00000000e0700000, 0x0000000100000000)
  eden space 128000K, 0% used [0x00000000d5580000,0x00000000d5580000,0x00000000dd280000)
  from space 12288K, 57% used [0x00000000dd280000,0x00000000dd96d798,0x00000000dde80000)
  to   space 12288K, 0% used [0x00000000dfb00000,0x00000000dfb00000,0x00000000e0700000)
 ParOldGen       total 123392K, used 14733K [0x0000000080000000, 0x0000000087880000, 0x00000000d5580000)
  object space 123392K, 11% used [0x0000000080000000,0x0000000080e63658,0x0000000087880000)
 Metaspace       used 37623K, capacity 39162K, committed 39424K, reserved 1083392K
  class space    used 5267K, capacity 5614K, committed 5632K, reserved 1048576K
}
Event: 11.233 GC heap before
{Heap before GC invocations=12 (full 2):
 PSYoungGen      total 140288K, used 135093K [0x00000000d5580000, 0x00000000e0700000, 0x0000000100000000)
  eden space 128000K, 100% used [0x00000000d5580000,0x00000000dd280000,0x00000000dd280000)
  from space 12288K, 57% used [0x00000000dd280000,0x00000000dd96d798,0x00000000dde80000)
  to   space 12288K, 0% used [0x00000000dfb00000,0x00000000dfb00000,0x00000000e0700000)
 ParOldGen       total 123392K, used 14733K [0x0000000080000000, 0x0000000087880000, 0x00000000d5580000)
  object space 123392K, 11% used [0x0000000080000000,0x0000000080e63658,0x0000000087880000)
 Metaspace       used 49129K, capacity 51124K, committed 51328K, reserved 1093632K
  class space    used 6781K, capacity 7226K, committed 7296K, reserved 1048576K
Event: 11.261 GC heap after
Heap after GC invocations=12 (full 2):
 PSYoungGen      total 165888K, used 12285K [0x00000000d5580000, 0x00000000e0c80000, 0x0000000100000000)
  eden space 153600K, 0% used [0x00000000d5580000,0x00000000d5580000,0x00000000deb80000)
  from space 12288K, 99% used [0x00000000dfb00000,0x00000000e06ff6b0,0x00000000e0700000)
  to   space 15872K, 0% used [0x00000000deb80000,0x00000000deb80000,0x00000000dfb00000)
 ParOldGen       total 123392K, used 21332K [0x0000000080000000, 0x0000000087880000, 0x00000000d5580000)
  object space 123392K, 17% used [0x0000000080000000,0x00000000814d5030,0x0000000087880000)
 Metaspace       used 49129K, capacity 51124K, committed 51328K, reserved 1093632K
  class space    used 6781K, capacity 7226K, committed 7296K, reserved 1048576K
}
Event: 13.131 GC heap before
{Heap before GC invocations=13 (full 2):
 PSYoungGen      total 165888K, used 130308K [0x00000000d5580000, 0x00000000e0c80000, 0x0000000100000000)
  eden space 153600K, 76% used [0x00000000d5580000,0x00000000dc8c19e8,0x00000000deb80000)
  from space 12288K, 99% used [0x00000000dfb00000,0x00000000e06ff6b0,0x00000000e0700000)
  to   space 15872K, 0% used [0x00000000deb80000,0x00000000deb80000,0x00000000dfb00000)
 ParOldGen       total 123392K, used 21332K [0x0000000080000000, 0x0000000087880000, 0x00000000d5580000)
  object space 123392K, 17% used [0x0000000080000000,0x00000000814d5030,0x0000000087880000)
 Metaspace       used 56835K, capacity 59010K, committed 59136K, reserved 1099776K
  class space    used 7956K, capacity 8445K, committed 8448K, reserved 1048576K
Event: 13.168 GC heap after
Heap after GC invocations=13 (full 2):
 PSYoungGen      total 169472K, used 15844K [0x00000000d5580000, 0x00000000e3400000, 0x0000000100000000)
  eden space 153600K, 0% used [0x00000000d5580000,0x00000000d5580000,0x00000000deb80000)
  from space 15872K, 99% used [0x00000000deb80000,0x00000000dfaf9320,0x00000000dfb00000)
  to   space 20992K, 0% used [0x00000000e1f80000,0x00000000e1f80000,0x00000000e3400000)
 ParOldGen       total 123392K, used 30446K [0x0000000080000000, 0x0000000087880000, 0x00000000d5580000)
  object space 123392K, 24% used [0x0000000080000000,0x0000000081dbbaa8,0x0000000087880000)
 Metaspace       used 56835K, capacity 59010K, committed 59136K, reserved 1099776K
  class space    used 7956K, capacity 8445K, committed 8448K, reserved 1048576K
}
Event: 13.168 GC heap before
{Heap before GC invocations=14 (full 3):
 PSYoungGen      total 169472K, used 15844K [0x00000000d5580000, 0x00000000e3400000, 0x0000000100000000)
  eden space 153600K, 0% used [0x00000000d5580000,0x00000000d5580000,0x00000000deb80000)
  from space 15872K, 99% used [0x00000000deb80000,0x00000000dfaf9320,0x00000000dfb00000)
  to   space 20992K, 0% used [0x00000000e1f80000,0x00000000e1f80000,0x00000000e3400000)
 ParOldGen       total 123392K, used 30446K [0x0000000080000000, 0x0000000087880000, 0x00000000d5580000)
  object space 123392K, 24% used [0x0000000080000000,0x0000000081dbbaa8,0x0000000087880000)
 Metaspace       used 56835K, capacity 59010K, committed 59136K, reserved 1099776K
  class space    used 7956K, capacity 8445K, committed 8448K, reserved 1048576K
Event: 13.485 GC heap after
Heap after GC invocations=14 (full 3):
 PSYoungGen      total 169472K, used 0K [0x00000000d5580000, 0x00000000e3400000, 0x0000000100000000)
  eden space 153600K, 0% used [0x00000000d5580000,0x00000000d5580000,0x00000000deb80000)
  from space 15872K, 0% used [0x00000000deb80000,0x00000000deb80000,0x00000000dfb00000)
  to   space 20992K, 0% used [0x00000000e1f80000,0x00000000e1f80000,0x00000000e3400000)
 ParOldGen       total 195584K, used 38190K [0x0000000080000000, 0x000000008bf00000, 0x00000000d5580000)
  object space 195584K, 19% used [0x0000000080000000,0x000000008254b8b8,0x000000008bf00000)
 Metaspace       used 56819K, capacity 58956K, committed 59136K, reserved 1099776K
  class space    used 7951K, capacity 8436K, committed 8448K, reserved 1048576K
}

