# JRE version: Java(TM) SE Runtime Environment (8.0_291-b10) (build 1.8.0_291-b10)
# Java VM: Java HotSpot(TM) 64-Bit Server VM (25.291-b10 mixed mode windows-amd64 compressed oops)
Heap:
 PSYoungGen      total 644096K, used 418087K [0x00000000d5580000, 0x00000000fff00000, 0x0000000100000000)
  eden space 590336K, 68% used [0x00000000d5580000,0x00000000edda2370,0x00000000f9600000)
  from space 53760K, 30% used [0x00000000fca80000,0x00000000fdaa7938,0x00000000fff00000)
  to   space 53760K, 0% used [0x00000000f9600000,0x00000000f9600000,0x00000000fca80000)
 ParOldGen       total 269312K, used 66027K [0x0000000080000000, 0x0000000090700000, 0x00000000d5580000)
  object space 269312K, 24% used [0x0000000080000000,0x000000008407ae68,0x0000000090700000)
 Metaspace       used 100183K, capacity 104888K, committed 104960K, reserved 1140736K
  class space    used 13121K, capacity 14010K, committed 14080K, reserved 1048576K
GC Heap History (10 events):
Event: 94.313 GC heap before
{Heap before GC invocations=42 (full 4):
 PSYoungGen      total 636416K, used 616251K [0x00000000d5580000, 0x0000000100000000, 0x0000000100000000)
  eden space 582656K, 100% used [0x00000000d5580000,0x00000000f8e80000,0x00000000f8e80000)
  from space 53760K, 62% used [0x00000000f8e80000,0x00000000faf4ed98,0x00000000fc300000)
  to   space 56832K, 0% used [0x00000000fc880000,0x00000000fc880000,0x0000000100000000)
 ParOldGen       total 269312K, used 66011K [0x0000000080000000, 0x0000000090700000, 0x00000000d5580000)
  object space 269312K, 24% used [0x0000000080000000,0x0000000084076e68,0x0000000090700000)
 Metaspace       used 100106K, capacity 104798K, committed 104960K, reserved 1140736K
  class space    used 13121K, capacity 14009K, committed 14080K, reserved 1048576K
Event: 94.374 GC heap after
Heap after GC invocations=42 (full 4):
 PSYoungGen      total 643072K, used 26814K [0x00000000d5580000, 0x00000000fff00000, 0x0000000100000000)
  eden space 587264K, 0% used [0x00000000d5580000,0x00000000d5580000,0x00000000f9300000)
  from space 55808K, 48% used [0x00000000fc880000,0x00000000fe2af8f8,0x00000000fff00000)
  to   space 54784K, 0% used [0x00000000f9300000,0x00000000f9300000,0x00000000fc880000)
 ParOldGen       total 269312K, used 66011K [0x0000000080000000, 0x0000000090700000, 0x00000000d5580000)
  object space 269312K, 24% used [0x0000000080000000,0x0000000084076e68,0x0000000090700000)
 Metaspace       used 100106K, capacity 104798K, committed 104960K, reserved 1140736K
  class space    used 13121K, capacity 14009K, committed 14080K, reserved 1048576K
}
Event: 98.224 GC heap before
{Heap before GC invocations=43 (full 4):
 PSYoungGen      total 643072K, used 614078K [0x00000000d5580000, 0x00000000fff00000, 0x0000000100000000)
  eden space 587264K, 100% used [0x00000000d5580000,0x00000000f9300000,0x00000000f9300000)
  from space 55808K, 48% used [0x00000000fc880000,0x00000000fe2af8f8,0x00000000fff00000)
  to   space 54784K, 0% used [0x00000000f9300000,0x00000000f9300000,0x00000000fc880000)
 ParOldGen       total 269312K, used 66011K [0x0000000080000000, 0x0000000090700000, 0x00000000d5580000)
  object space 269312K, 24% used [0x0000000080000000,0x0000000084076e68,0x0000000090700000)
 Metaspace       used 100113K, capacity 104800K, committed 104960K, reserved 1140736K
  class space    used 13121K, capacity 14010K, committed 14080K, reserved 1048576K
Event: 98.270 GC heap after
Heap after GC invocations=43 (full 4):
 PSYoungGen      total 642048K, used 36788K [0x00000000d5580000, 0x00000000fff00000, 0x0000000100000000)
  eden space 587264K, 0% used [0x00000000d5580000,0x00000000d5580000,0x00000000f9300000)
  from space 54784K, 67% used [0x00000000f9300000,0x00000000fb6ed3b8,0x00000000fc880000)
  to   space 54784K, 0% used [0x00000000fc980000,0x00000000fc980000,0x00000000fff00000)
 ParOldGen       total 269312K, used 66019K [0x0000000080000000, 0x0000000090700000, 0x00000000d5580000)
  object space 269312K, 24% used [0x0000000080000000,0x0000000084078e68,0x0000000090700000)
 Metaspace       used 100113K, capacity 104800K, committed 104960K, reserved 1140736K
  class space    used 13121K, capacity 14010K, committed 14080K, reserved 1048576K
}
Event: 100.680 GC heap before
{Heap before GC invocations=44 (full 4):
 PSYoungGen      total 642048K, used 624052K [0x00000000d5580000, 0x00000000fff00000, 0x0000000100000000)
  eden space 587264K, 100% used [0x00000000d5580000,0x00000000f9300000,0x00000000f9300000)
  from space 54784K, 67% used [0x00000000f9300000,0x00000000fb6ed3b8,0x00000000fc880000)
  to   space 54784K, 0% used [0x00000000fc980000,0x00000000fc980000,0x00000000fff00000)
 ParOldGen       total 269312K, used 66019K [0x0000000080000000, 0x0000000090700000, 0x00000000d5580000)
  object space 269312K, 24% used [0x0000000080000000,0x0000000084078e68,0x0000000090700000)
 Metaspace       used 100126K, capacity 104816K, committed 104960K, reserved 1140736K
  class space    used 13121K, capacity 14010K, committed 14080K, reserved 1048576K
Event: 100.749 GC heap after
Heap after GC invocations=44 (full 4):
 PSYoungGen      total 643584K, used 34845K [0x00000000d5580000, 0x00000000fff00000, 0x0000000100000000)
  eden space 588800K, 0% used [0x00000000d5580000,0x00000000d5580000,0x00000000f9480000)
  from space 54784K, 63% used [0x00000000fc980000,0x00000000feb875c8,0x00000000fff00000)
  to   space 54272K, 0% used [0x00000000f9480000,0x00000000f9480000,0x00000000fc980000)
 ParOldGen       total 269312K, used 66019K [0x0000000080000000, 0x0000000090700000, 0x00000000d5580000)
  object space 269312K, 24% used [0x0000000080000000,0x0000000084078e68,0x0000000090700000)
 Metaspace       used 100126K, capacity 104816K, committed 104960K, reserved 1140736K
  class space    used 13121K, capacity 14010K, committed 14080K, reserved 1048576K
}
Event: 104.195 GC heap before
{Heap before GC invocations=45 (full 4):
 PSYoungGen      total 643584K, used 623645K [0x00000000d5580000, 0x00000000fff00000, 0x0000000100000000)
  eden space 588800K, 100% used [0x00000000d5580000,0x00000000f9480000,0x00000000f9480000)
  from space 54784K, 63% used [0x00000000fc980000,0x00000000feb875c8,0x00000000fff00000)
  to   space 54272K, 0% used [0x00000000f9480000,0x00000000f9480000,0x00000000fc980000)
 ParOldGen       total 269312K, used 66019K [0x0000000080000000, 0x0000000090700000, 0x00000000d5580000)
  object space 269312K, 24% used [0x0000000080000000,0x0000000084078e68,0x0000000090700000)
 Metaspace       used 100158K, capacity 104824K, committed 104960K, reserved 1140736K
  class space    used 13121K, capacity 14010K, committed 14080K, reserved 1048576K
Event: 104.232 GC heap after
Heap after GC invocations=45 (full 4):
 PSYoungGen      total 643072K, used 17518K [0x00000000d5580000, 0x00000000fff80000, 0x0000000100000000)
  eden space 588800K, 0% used [0x00000000d5580000,0x00000000d5580000,0x00000000f9480000)
  from space 54272K, 32% used [0x00000000f9480000,0x00000000fa59b948,0x00000000fc980000)
  to   space 54272K, 0% used [0x00000000fca80000,0x00000000fca80000,0x00000000fff80000)
 ParOldGen       total 269312K, used 66027K [0x0000000080000000, 0x0000000090700000, 0x00000000d5580000)
  object space 269312K, 24% used [0x0000000080000000,0x000000008407ae68,0x0000000090700000)
 Metaspace       used 100158K, capacity 104824K, committed 104960K, reserved 1140736K
  class space    used 13121K, capacity 14010K, committed 14080K, reserved 1048576K
}
Event: 106.316 GC heap before
{Heap before GC invocations=46 (full 4):
 PSYoungGen      total 643072K, used 606318K [0x00000000d5580000, 0x00000000fff80000, 0x0000000100000000)
  eden space 588800K, 100% used [0x00000000d5580000,0x00000000f9480000,0x00000000f9480000)
  from space 54272K, 32% used [0x00000000f9480000,0x00000000fa59b948,0x00000000fc980000)
  to   space 54272K, 0% used [0x00000000fca80000,0x00000000fca80000,0x00000000fff80000)
 ParOldGen       total 269312K, used 66027K [0x0000000080000000, 0x0000000090700000, 0x00000000d5580000)
  object space 269312K, 24% used [0x0000000080000000,0x000000008407ae68,0x0000000090700000)
 Metaspace       used 100174K, capacity 104888K, committed 104960K, reserved 1140736K
  class space    used 13121K, capacity 14010K, committed 14080K, reserved 1048576K
Event: 106.358 GC heap after
Heap after GC invocations=46 (full 4):
 PSYoungGen      total 644096K, used 16542K [0x00000000d5580000, 0x00000000fff00000, 0x0000000100000000)
  eden space 590336K, 0% used [0x00000000d5580000,0x00000000d5580000,0x00000000f9600000)
  from space 53760K, 30% used [0x00000000fca80000,0x00000000fdaa7938,0x00000000fff00000)
  to   space 53760K, 0% used [0x00000000f9600000,0x00000000f9600000,0x00000000fca80000)
 ParOldGen       total 269312K, used 66027K [0x0000000080000000, 0x0000000090700000, 0x00000000d5580000)
  object space 269312K, 24% used [0x0000000080000000,0x000000008407ae68,0x0000000090700000)
 Metaspace       used 100174K, capacity 104888K, committed 104960K, reserved 1140736K
  class space    used 13121K, capacity 14010K, committed 14080K, reserved 1048576K
}

