# JRE version: Java(TM) SE Runtime Environment (8.0_291-b10) (build 1.8.0_291-b10)
# Java VM: Java HotSpot(TM) 64-Bit Server VM (25.291-b10 mixed mode windows-amd64 compressed oops)
Heap:
 PSYoungGen      total 218112K, used 33052K [0x00000000d5580000, 0x00000000e6380000, 0x0000000100000000)
  eden space 195072K, 7% used [0x00000000d5580000,0x00000000d64415a0,0x00000000e1400000)
  from space 23040K, 77% used [0x00000000e1400000,0x00000000e2585b30,0x00000000e2a80000)
  to   space 24576K, 0% used [0x00000000e4b80000,0x00000000e4b80000,0x00000000e6380000)
 ParOldGen       total 185856K, used 37639K [0x0000000080000000, 0x000000008b580000, 0x00000000d5580000)
  object space 185856K, 20% used [0x0000000080000000,0x00000000824c1cb0,0x000000008b580000)
 Metaspace       used 71602K, capacity 74782K, committed 74880K, reserved 1114112K
  class space    used 9932K, capacity 10583K, committed 10624K, reserved 1048576K
GC Heap History (10 events):
Event: 11.537 GC heap before
{Heap before GC invocations=12 (full 2):
 PSYoungGen      total 147456K, used 142438K [0x00000000d5580000, 0x00000000e1100000, 0x0000000100000000)
  eden space 134656K, 100% used [0x00000000d5580000,0x00000000dd900000,0x00000000dd900000)
  from space 12800K, 60% used [0x00000000dd900000,0x00000000de099960,0x00000000de580000)
  to   space 12288K, 0% used [0x00000000e0500000,0x00000000e0500000,0x00000000e1100000)
 ParOldGen       total 118784K, used 14826K [0x0000000080000000, 0x0000000087400000, 0x00000000d5580000)
  object space 118784K, 12% used [0x0000000080000000,0x0000000080e7aa00,0x0000000087400000)
 Metaspace       used 50105K, capacity 52152K, committed 52224K, reserved 1093632K
  class space    used 6896K, capacity 7370K, committed 7424K, reserved 1048576K
Event: 11.566 GC heap after
Heap after GC invocations=12 (full 2):
 PSYoungGen      total 175616K, used 12260K [0x00000000d5580000, 0x00000000e1680000, 0x0000000100000000)
  eden space 163328K, 0% used [0x00000000d5580000,0x00000000d5580000,0x00000000df500000)
  from space 12288K, 99% used [0x00000000e0500000,0x00000000e10f93b0,0x00000000e1100000)
  to   space 16384K, 0% used [0x00000000df500000,0x00000000df500000,0x00000000e0500000)
 ParOldGen       total 118784K, used 23170K [0x0000000080000000, 0x0000000087400000, 0x00000000d5580000)
  object space 118784K, 19% used [0x0000000080000000,0x00000000816a09e8,0x0000000087400000)
 Metaspace       used 50105K, capacity 52152K, committed 52224K, reserved 1093632K
  class space    used 6896K, capacity 7370K, committed 7424K, reserved 1048576K
}
Event: 13.067 GC heap before
{Heap before GC invocations=13 (full 2):
 PSYoungGen      total 175616K, used 120325K [0x00000000d5580000, 0x00000000e1680000, 0x0000000100000000)
  eden space 163328K, 66% used [0x00000000d5580000,0x00000000dbf08178,0x00000000df500000)
  from space 12288K, 99% used [0x00000000e0500000,0x00000000e10f93b0,0x00000000e1100000)
  to   space 16384K, 0% used [0x00000000df500000,0x00000000df500000,0x00000000e0500000)
 ParOldGen       total 118784K, used 23170K [0x0000000080000000, 0x0000000087400000, 0x00000000d5580000)
  object space 118784K, 19% used [0x0000000080000000,0x00000000816a09e8,0x0000000087400000)
 Metaspace       used 56868K, capacity 59080K, committed 59136K, reserved 1099776K
  class space    used 7963K, capacity 8446K, committed 8448K, reserved 1048576K
Event: 13.111 GC heap after
Heap after GC invocations=13 (full 2):
 PSYoungGen      total 179712K, used 16356K [0x00000000d5580000, 0x00000000e4400000, 0x0000000100000000)
  eden space 163328K, 0% used [0x00000000d5580000,0x00000000d5580000,0x00000000df500000)
  from space 16384K, 99% used [0x00000000df500000,0x00000000e04f9320,0x00000000e0500000)
  to   space 21504K, 0% used [0x00000000e2f00000,0x00000000e2f00000,0x00000000e4400000)
 ParOldGen       total 118784K, used 31068K [0x0000000080000000, 0x0000000087400000, 0x00000000d5580000)
  object space 118784K, 26% used [0x0000000080000000,0x0000000081e572f0,0x0000000087400000)
 Metaspace       used 56868K, capacity 59080K, committed 59136K, reserved 1099776K
  class space    used 7963K, capacity 8446K, committed 8448K, reserved 1048576K
}
Event: 13.111 GC heap before
{Heap before GC invocations=14 (full 3):
 PSYoungGen      total 179712K, used 16356K [0x00000000d5580000, 0x00000000e4400000, 0x0000000100000000)
  eden space 163328K, 0% used [0x00000000d5580000,0x00000000d5580000,0x00000000df500000)
  from space 16384K, 99% used [0x00000000df500000,0x00000000e04f9320,0x00000000e0500000)
  to   space 21504K, 0% used [0x00000000e2f00000,0x00000000e2f00000,0x00000000e4400000)
 ParOldGen       total 118784K, used 31068K [0x0000000080000000, 0x0000000087400000, 0x00000000d5580000)
  object space 118784K, 26% used [0x0000000080000000,0x0000000081e572f0,0x0000000087400000)
 Metaspace       used 56868K, capacity 59080K, committed 59136K, reserved 1099776K
  class space    used 7963K, capacity 8446K, committed 8448K, reserved 1048576K
Event: 13.425 GC heap after
Heap after GC invocations=14 (full 3):
 PSYoungGen      total 179712K, used 0K [0x00000000d5580000, 0x00000000e4400000, 0x0000000100000000)
  eden space 163328K, 0% used [0x00000000d5580000,0x00000000d5580000,0x00000000df500000)
  from space 16384K, 0% used [0x00000000df500000,0x00000000df500000,0x00000000e0500000)
  to   space 21504K, 0% used [0x00000000e2f00000,0x00000000e2f00000,0x00000000e4400000)
 ParOldGen       total 185856K, used 37567K [0x0000000080000000, 0x000000008b580000, 0x00000000d5580000)
  object space 185856K, 20% used [0x0000000080000000,0x00000000824afca0,0x000000008b580000)
 Metaspace       used 56850K, capacity 59020K, committed 59136K, reserved 1099776K
  class space    used 7957K, capacity 8436K, committed 8448K, reserved 1048576K
}
Event: 16.854 GC heap before
{Heap before GC invocations=15 (full 3):
 PSYoungGen      total 179712K, used 163328K [0x00000000d5580000, 0x00000000e4400000, 0x0000000100000000)
  eden space 163328K, 100% used [0x00000000d5580000,0x00000000df500000,0x00000000df500000)
  from space 16384K, 0% used [0x00000000df500000,0x00000000df500000,0x00000000e0500000)
  to   space 21504K, 0% used [0x00000000e2f00000,0x00000000e2f00000,0x00000000e4400000)
 ParOldGen       total 185856K, used 37567K [0x0000000080000000, 0x000000008b580000, 0x00000000d5580000)
  object space 185856K, 20% used [0x0000000080000000,0x00000000824afca0,0x000000008b580000)
 Metaspace       used 69114K, capacity 71810K, committed 71936K, reserved 1112064K
  class space    used 9656K, capacity 10221K, committed 10240K, reserved 1048576K
Event: 16.886 GC heap after
Heap after GC invocations=15 (full 3):
 PSYoungGen      total 212992K, used 18289K [0x00000000d5580000, 0x00000000e4100000, 0x0000000100000000)
  eden space 194560K, 0% used [0x00000000d5580000,0x00000000d5580000,0x00000000e1380000)
  from space 18432K, 99% used [0x00000000e2f00000,0x00000000e40dc7e0,0x00000000e4100000)
  to   space 23040K, 0% used [0x00000000e1400000,0x00000000e1400000,0x00000000e2a80000)
 ParOldGen       total 185856K, used 37567K [0x0000000080000000, 0x000000008b580000, 0x00000000d5580000)
  object space 185856K, 20% used [0x0000000080000000,0x00000000824afca0,0x000000008b580000)
 Metaspace       used 69114K, capacity 71810K, committed 71936K, reserved 1112064K
  class space    used 9656K, capacity 10221K, committed 10240K, reserved 1048576K
}
Event: 20.725 GC heap before
{Heap before GC invocations=16 (full 3):
 PSYoungGen      total 212992K, used 212849K [0x00000000d5580000, 0x00000000e4100000, 0x0000000100000000)
  eden space 194560K, 100% used [0x00000000d5580000,0x00000000e1380000,0x00000000e1380000)
  from space 18432K, 99% used [0x00000000e2f00000,0x00000000e40dc7e0,0x00000000e4100000)
  to   space 23040K, 0% used [0x00000000e1400000,0x00000000e1400000,0x00000000e2a80000)
 ParOldGen       total 185856K, used 37567K [0x0000000080000000, 0x000000008b580000, 0x00000000d5580000)
  object space 185856K, 20% used [0x0000000080000000,0x00000000824afca0,0x000000008b580000)
 Metaspace       used 71587K, capacity 74778K, committed 74880K, reserved 1114112K
  class space    used 9932K, capacity 10583K, committed 10624K, reserved 1048576K
Event: 20.753 GC heap after
Heap after GC invocations=16 (full 3):
 PSYoungGen      total 218112K, used 17942K [0x00000000d5580000, 0x00000000e6380000, 0x0000000100000000)
  eden space 195072K, 0% used [0x00000000d5580000,0x00000000d5580000,0x00000000e1400000)
  from space 23040K, 77% used [0x00000000e1400000,0x00000000e2585b30,0x00000000e2a80000)
  to   space 24576K, 0% used [0x00000000e4b80000,0x00000000e4b80000,0x00000000e6380000)
 ParOldGen       total 185856K, used 37639K [0x0000000080000000, 0x000000008b580000, 0x00000000d5580000)
  object space 185856K, 20% used [0x0000000080000000,0x00000000824c1cb0,0x000000008b580000)
 Metaspace       used 71587K, capacity 74778K, committed 74880K, reserved 1114112K
  class space    used 9932K, capacity 10583K, committed 10624K, reserved 1048576K
}

