# JRE version: Java(TM) SE Runtime Environment (8.0_291-b10) (build 1.8.0_291-b10)
# Java VM: Java HotSpot(TM) 64-Bit Server VM (25.291-b10 mixed mode windows-amd64 compressed oops)
Heap:
 PSYoungGen      total 615424K, used 468367K [0x00000000d5580000, 0x00000000ffd80000, 0x0000000100000000)
  eden space 537600K, 84% used [0x00000000d5580000,0x00000000f123abf8,0x00000000f6280000)
  from space 77824K, 16% used [0x00000000fb180000,0x00000000fbe29050,0x00000000ffd80000)
  to   space 79360K, 0% used [0x00000000f6280000,0x00000000f6280000,0x00000000fb000000)
 ParOldGen       total 198656K, used 73928K [0x0000000080000000, 0x000000008c200000, 0x00000000d5580000)
  object space 198656K, 37% used [0x0000000080000000,0x00000000848322f0,0x000000008c200000)
 Metaspace       used 104807K, capacity 109540K, committed 109720K, reserved 1144832K
  class space    used 13766K, capacity 14664K, committed 14744K, reserved 1048576K
GC Heap History (10 events):
Event: 62.156 GC heap before
{Heap before GC invocations=35 (full 4):
 PSYoungGen      total 622592K, used 47615K [0x00000000d5580000, 0x0000000100000000, 0x0000000100000000)
  eden space 574976K, 0% used [0x00000000d5580000,0x00000000d5580000,0x00000000f8700000)
  from space 47616K, 99% used [0x00000000f8700000,0x00000000fb57ff70,0x00000000fb580000)
  to   space 76288K, 0% used [0x00000000fb580000,0x00000000fb580000,0x0000000100000000)
 ParOldGen       total 198656K, used 188498K [0x0000000080000000, 0x000000008c200000, 0x00000000d5580000)
  object space 198656K, 94% used [0x0000000080000000,0x000000008b814a00,0x000000008c200000)
 Metaspace       used 92045K, capacity 96756K, committed 97048K, reserved 1132544K
  class space    used 12616K, capacity 13506K, committed 13592K, reserved 1048576K
Event: 63.422 GC heap after
Heap after GC invocations=35 (full 4):
 PSYoungGen      total 622592K, used 0K [0x00000000d5580000, 0x0000000100000000, 0x0000000100000000)
  eden space 574976K, 0% used [0x00000000d5580000,0x00000000d5580000,0x00000000f8700000)
  from space 47616K, 0% used [0x00000000f8700000,0x00000000f8700000,0x00000000fb580000)
  to   space 76288K, 0% used [0x00000000fb580000,0x00000000fb580000,0x0000000100000000)
 ParOldGen       total 198656K, used 173866K [0x0000000080000000, 0x000000008c200000, 0x00000000d5580000)
  object space 198656K, 87% used [0x0000000080000000,0x000000008a9cab68,0x000000008c200000)
 Metaspace       used 91804K, capacity 96138K, committed 97048K, reserved 1132544K
  class space    used 12532K, capacity 13361K, committed 13592K, reserved 1048576K
}
Event: 79.856 GC heap before
{Heap before GC invocations=36 (full 5):
 PSYoungGen      total 622592K, used 574976K [0x00000000d5580000, 0x0000000100000000, 0x0000000100000000)
  eden space 574976K, 100% used [0x00000000d5580000,0x00000000f8700000,0x00000000f8700000)
  from space 47616K, 0% used [0x00000000f8700000,0x00000000f8700000,0x00000000fb580000)
  to   space 76288K, 0% used [0x00000000fb580000,0x00000000fb580000,0x0000000100000000)
 ParOldGen       total 198656K, used 173866K [0x0000000080000000, 0x000000008c200000, 0x00000000d5580000)
  object space 198656K, 87% used [0x0000000080000000,0x000000008a9cab68,0x000000008c200000)
 Metaspace       used 96674K, capacity 101104K, committed 101784K, reserved 1136640K
  class space    used 12938K, capacity 13788K, committed 13976K, reserved 1048576K
Event: 80.128 GC heap after
Heap after GC invocations=36 (full 5):
 PSYoungGen      total 622592K, used 0K [0x00000000d5580000, 0x0000000100000000, 0x0000000100000000)
  eden space 574976K, 0% used [0x00000000d5580000,0x00000000d5580000,0x00000000f8700000)
  from space 47616K, 0% used [0x00000000f8700000,0x00000000f8700000,0x00000000fb580000)
  to   space 76288K, 0% used [0x00000000fb580000,0x00000000fb580000,0x0000000100000000)
 ParOldGen       total 198656K, used 73904K [0x0000000080000000, 0x000000008c200000, 0x00000000d5580000)
  object space 198656K, 37% used [0x0000000080000000,0x000000008482c2f0,0x000000008c200000)
 Metaspace       used 96674K, capacity 101104K, committed 101784K, reserved 1136640K
  class space    used 12938K, capacity 13788K, committed 13976K, reserved 1048576K
}
Event: 85.400 GC heap before
{Heap before GC invocations=37 (full 5):
 PSYoungGen      total 622592K, used 574976K [0x00000000d5580000, 0x0000000100000000, 0x0000000100000000)
  eden space 574976K, 100% used [0x00000000d5580000,0x00000000f8700000,0x00000000f8700000)
  from space 47616K, 0% used [0x00000000f8700000,0x00000000f8700000,0x00000000fb580000)
  to   space 76288K, 0% used [0x00000000fb580000,0x00000000fb580000,0x0000000100000000)
 ParOldGen       total 198656K, used 73904K [0x0000000080000000, 0x000000008c200000, 0x00000000d5580000)
  object space 198656K, 37% used [0x0000000080000000,0x000000008482c2f0,0x000000008c200000)
 Metaspace       used 98249K, capacity 102732K, committed 103192K, reserved 1138688K
  class space    used 13088K, capacity 13930K, committed 14104K, reserved 1048576K
Event: 85.423 GC heap after
Heap after GC invocations=37 (full 5):
 PSYoungGen      total 613376K, used 19265K [0x00000000d5580000, 0x0000000100000000, 0x0000000100000000)
  eden space 537088K, 0% used [0x00000000d5580000,0x00000000d5580000,0x00000000f6200000)
  from space 76288K, 25% used [0x00000000fb580000,0x00000000fc850680,0x0000000100000000)
  to   space 80896K, 0% used [0x00000000f6200000,0x00000000f6200000,0x00000000fb100000)
 ParOldGen       total 198656K, used 73912K [0x0000000080000000, 0x000000008c200000, 0x00000000d5580000)
  object space 198656K, 37% used [0x0000000080000000,0x000000008482e2f0,0x000000008c200000)
 Metaspace       used 98249K, capacity 102732K, committed 103192K, reserved 1138688K
  class space    used 13088K, capacity 13930K, committed 14104K, reserved 1048576K
}
Event: 86.734 GC heap before
{Heap before GC invocations=38 (full 5):
 PSYoungGen      total 613376K, used 556353K [0x00000000d5580000, 0x0000000100000000, 0x0000000100000000)
  eden space 537088K, 100% used [0x00000000d5580000,0x00000000f6200000,0x00000000f6200000)
  from space 76288K, 25% used [0x00000000fb580000,0x00000000fc850680,0x0000000100000000)
  to   space 80896K, 0% used [0x00000000f6200000,0x00000000f6200000,0x00000000fb100000)
 ParOldGen       total 198656K, used 73912K [0x0000000080000000, 0x000000008c200000, 0x00000000d5580000)
  object space 198656K, 37% used [0x0000000080000000,0x000000008482e2f0,0x000000008c200000)
 Metaspace       used 98282K, capacity 102744K, committed 103192K, reserved 1138688K
  class space    used 13090K, capacity 13932K, committed 14104K, reserved 1048576K
Event: 86.747 GC heap after
Heap after GC invocations=38 (full 5):
 PSYoungGen      total 617984K, used 11151K [0x00000000d5580000, 0x0000000100000000, 0x0000000100000000)
  eden space 537088K, 0% used [0x00000000d5580000,0x00000000d5580000,0x00000000f6200000)
  from space 80896K, 13% used [0x00000000f6200000,0x00000000f6ce3e78,0x00000000fb100000)
  to   space 80384K, 0% used [0x00000000fb180000,0x00000000fb180000,0x0000000100000000)
 ParOldGen       total 198656K, used 73920K [0x0000000080000000, 0x000000008c200000, 0x00000000d5580000)
  object space 198656K, 37% used [0x0000000080000000,0x00000000848302f0,0x000000008c200000)
 Metaspace       used 98282K, capacity 102744K, committed 103192K, reserved 1138688K
  class space    used 13090K, capacity 13932K, committed 14104K, reserved 1048576K
}
Event: 94.128 GC heap before
{Heap before GC invocations=39 (full 5):
 PSYoungGen      total 617984K, used 548239K [0x00000000d5580000, 0x0000000100000000, 0x0000000100000000)
  eden space 537088K, 100% used [0x00000000d5580000,0x00000000f6200000,0x00000000f6200000)
  from space 80896K, 13% used [0x00000000f6200000,0x00000000f6ce3e78,0x00000000fb100000)
  to   space 80384K, 0% used [0x00000000fb180000,0x00000000fb180000,0x0000000100000000)
 ParOldGen       total 198656K, used 73920K [0x0000000080000000, 0x000000008c200000, 0x00000000d5580000)
  object space 198656K, 37% used [0x0000000080000000,0x00000000848302f0,0x000000008c200000)
 Metaspace       used 100058K, capacity 104668K, committed 105240K, reserved 1140736K
  class space    used 13317K, capacity 14200K, committed 14360K, reserved 1048576K
Event: 94.139 GC heap after
Heap after GC invocations=39 (full 5):
 PSYoungGen      total 615424K, used 12964K [0x00000000d5580000, 0x00000000ffd80000, 0x0000000100000000)
  eden space 537600K, 0% used [0x00000000d5580000,0x00000000d5580000,0x00000000f6280000)
  from space 77824K, 16% used [0x00000000fb180000,0x00000000fbe29050,0x00000000ffd80000)
  to   space 79360K, 0% used [0x00000000f6280000,0x00000000f6280000,0x00000000fb000000)
 ParOldGen       total 198656K, used 73928K [0x0000000080000000, 0x000000008c200000, 0x00000000d5580000)
  object space 198656K, 37% used [0x0000000080000000,0x00000000848322f0,0x000000008c200000)
 Metaspace       used 100058K, capacity 104668K, committed 105240K, reserved 1140736K
  class space    used 13317K, capacity 14200K, committed 14360K, reserved 1048576K
}

