# JRE version: Java(TM) SE Runtime Environment (8.0_291-b10) (build 1.8.0_291-b10)
# Java VM: Java HotSpot(TM) 64-Bit Server VM (25.291-b10 mixed mode windows-amd64 compressed oops)
Heap:
 PSYoungGen      total 277504K, used 58945K [0x00000000d5580000, 0x00000000ea300000, 0x0000000100000000)
  eden space 263168K, 22% used [0x00000000d5580000,0x00000000d8f10538,0x00000000e5680000)
  from space 14336K, 0% used [0x00000000e5680000,0x00000000e5680000,0x00000000e6480000)
  to   space 22016K, 0% used [0x00000000e8d80000,0x00000000e8d80000,0x00000000ea300000)
 ParOldGen       total 130048K, used 42219K [0x0000000080000000, 0x0000000087f00000, 0x00000000d5580000)
  object space 130048K, 32% used [0x0000000080000000,0x000000008293ada0,0x0000000087f00000)
 Metaspace       used 61835K, capacity 64158K, committed 64256K, reserved 1103872K
  class space    used 8640K, capacity 9151K, committed 9216K, reserved 1048576K
GC Heap History (10 events):
Event: 7.280 GC heap before
{Heap before GC invocations=8 (full 1):
 PSYoungGen      total 171008K, used 74840K [0x00000000d5580000, 0x00000000e2b80000, 0x0000000100000000)
  eden space 159744K, 40% used [0x00000000d5580000,0x00000000d93f7d08,0x00000000df180000)
  from space 11264K, 96% used [0x00000000e2080000,0x00000000e2b1e638,0x00000000e2b80000)
  to   space 12800K, 0% used [0x00000000e1280000,0x00000000e1280000,0x00000000e1f00000)
 ParOldGen       total 77824K, used 7875K [0x0000000080000000, 0x0000000084c00000, 0x00000000d5580000)
  object space 77824K, 10% used [0x0000000080000000,0x00000000807b0d58,0x0000000084c00000)
 Metaspace       used 34318K, capacity 35472K, committed 35496K, reserved 1079296K
  class space    used 4813K, capacity 5101K, committed 5120K, reserved 1048576K
Event: 7.306 GC heap after
Heap after GC invocations=8 (full 1):
 PSYoungGen      total 206336K, used 9831K [0x00000000d5580000, 0x00000000e7280000, 0x0000000100000000)
  eden space 193536K, 0% used [0x00000000d5580000,0x00000000d5580000,0x00000000e1280000)
  from space 12800K, 76% used [0x00000000e1280000,0x00000000e1c19d20,0x00000000e1f00000)
  to   space 12800K, 0% used [0x00000000e6600000,0x00000000e6600000,0x00000000e7280000)
 ParOldGen       total 77824K, used 7883K [0x0000000080000000, 0x0000000084c00000, 0x00000000d5580000)
  object space 77824K, 10% used [0x0000000080000000,0x00000000807b2d58,0x0000000084c00000)
 Metaspace       used 34318K, capacity 35472K, committed 35496K, reserved 1079296K
  class space    used 4813K, capacity 5101K, committed 5120K, reserved 1048576K
}
Event: 7.306 GC heap before
{Heap before GC invocations=9 (full 2):
 PSYoungGen      total 206336K, used 9831K [0x00000000d5580000, 0x00000000e7280000, 0x0000000100000000)
  eden space 193536K, 0% used [0x00000000d5580000,0x00000000d5580000,0x00000000e1280000)
  from space 12800K, 76% used [0x00000000e1280000,0x00000000e1c19d20,0x00000000e1f00000)
  to   space 12800K, 0% used [0x00000000e6600000,0x00000000e6600000,0x00000000e7280000)
 ParOldGen       total 77824K, used 7883K [0x0000000080000000, 0x0000000084c00000, 0x00000000d5580000)
  object space 77824K, 10% used [0x0000000080000000,0x00000000807b2d58,0x0000000084c00000)
 Metaspace       used 34318K, capacity 35472K, committed 35496K, reserved 1079296K
  class space    used 4813K, capacity 5101K, committed 5120K, reserved 1048576K
Event: 7.476 GC heap after
Heap after GC invocations=9 (full 2):
 PSYoungGen      total 206336K, used 0K [0x00000000d5580000, 0x00000000e7280000, 0x0000000100000000)
  eden space 193536K, 0% used [0x00000000d5580000,0x00000000d5580000,0x00000000e1280000)
  from space 12800K, 0% used [0x00000000e1280000,0x00000000e1280000,0x00000000e1f00000)
  to   space 12800K, 0% used [0x00000000e6600000,0x00000000e6600000,0x00000000e7280000)
 ParOldGen       total 130048K, used 16485K [0x0000000080000000, 0x0000000087f00000, 0x00000000d5580000)
  object space 130048K, 12% used [0x0000000080000000,0x00000000810196a0,0x0000000087f00000)
 Metaspace       used 34318K, capacity 35472K, committed 35496K, reserved 1079296K
  class space    used 4813K, capacity 5101K, committed 5120K, reserved 1048576K
}
Event: 9.826 GC heap before
{Heap before GC invocations=10 (full 2):
 PSYoungGen      total 206336K, used 193536K [0x00000000d5580000, 0x00000000e7280000, 0x0000000100000000)
  eden space 193536K, 100% used [0x00000000d5580000,0x00000000e1280000,0x00000000e1280000)
  from space 12800K, 0% used [0x00000000e1280000,0x00000000e1280000,0x00000000e1f00000)
  to   space 12800K, 0% used [0x00000000e6600000,0x00000000e6600000,0x00000000e7280000)
 ParOldGen       total 130048K, used 16485K [0x0000000080000000, 0x0000000087f00000, 0x00000000d5580000)
  object space 130048K, 12% used [0x0000000080000000,0x00000000810196a0,0x0000000087f00000)
 Metaspace       used 41820K, capacity 43528K, committed 43904K, reserved 1087488K
  class space    used 5800K, capacity 6221K, committed 6272K, reserved 1048576K
Event: 9.849 GC heap after
Heap after GC invocations=10 (full 2):
 PSYoungGen      total 266240K, used 12795K [0x00000000d5580000, 0x00000000e7280000, 0x0000000100000000)
  eden space 253440K, 0% used [0x00000000d5580000,0x00000000d5580000,0x00000000e4d00000)
  from space 12800K, 99% used [0x00000000e6600000,0x00000000e727efa0,0x00000000e7280000)
  to   space 14336K, 0% used [0x00000000e5680000,0x00000000e5680000,0x00000000e6480000)
 ParOldGen       total 130048K, used 16789K [0x0000000080000000, 0x0000000087f00000, 0x00000000d5580000)
  object space 130048K, 12% used [0x0000000080000000,0x0000000081065758,0x0000000087f00000)
 Metaspace       used 41820K, capacity 43528K, committed 43904K, reserved 1087488K
  class space    used 5800K, capacity 6221K, committed 6272K, reserved 1048576K
}
Event: 12.824 GC heap before
{Heap before GC invocations=11 (full 2):
 PSYoungGen      total 266240K, used 210001K [0x00000000d5580000, 0x00000000e7280000, 0x0000000100000000)
  eden space 253440K, 77% used [0x00000000d5580000,0x00000000e16157f0,0x00000000e4d00000)
  from space 12800K, 99% used [0x00000000e6600000,0x00000000e727efa0,0x00000000e7280000)
  to   space 14336K, 0% used [0x00000000e5680000,0x00000000e5680000,0x00000000e6480000)
 ParOldGen       total 130048K, used 16789K [0x0000000080000000, 0x0000000087f00000, 0x00000000d5580000)
  object space 130048K, 12% used [0x0000000080000000,0x0000000081065758,0x0000000087f00000)
 Metaspace       used 56879K, capacity 59084K, committed 59136K, reserved 1099776K
  class space    used 7965K, capacity 8448K, committed 8448K, reserved 1048576K
Event: 12.860 GC heap after
Heap after GC invocations=11 (full 2):
 PSYoungGen      total 277504K, used 14308K [0x00000000d5580000, 0x00000000ea300000, 0x0000000100000000)
  eden space 263168K, 0% used [0x00000000d5580000,0x00000000d5580000,0x00000000e5680000)
  from space 14336K, 99% used [0x00000000e5680000,0x00000000e6479320,0x00000000e6480000)
  to   space 22016K, 0% used [0x00000000e8d80000,0x00000000e8d80000,0x00000000ea300000)
 ParOldGen       total 130048K, used 31719K [0x0000000080000000, 0x0000000087f00000, 0x00000000d5580000)
  object space 130048K, 24% used [0x0000000080000000,0x0000000081ef9da0,0x0000000087f00000)
 Metaspace       used 56879K, capacity 59084K, committed 59136K, reserved 1099776K
  class space    used 7965K, capacity 8448K, committed 8448K, reserved 1048576K
}
Event: 12.860 GC heap before
{Heap before GC invocations=12 (full 3):
 PSYoungGen      total 277504K, used 14308K [0x00000000d5580000, 0x00000000ea300000, 0x0000000100000000)
  eden space 263168K, 0% used [0x00000000d5580000,0x00000000d5580000,0x00000000e5680000)
  from space 14336K, 99% used [0x00000000e5680000,0x00000000e6479320,0x00000000e6480000)
  to   space 22016K, 0% used [0x00000000e8d80000,0x00000000e8d80000,0x00000000ea300000)
 ParOldGen       total 130048K, used 31719K [0x0000000080000000, 0x0000000087f00000, 0x00000000d5580000)
  object space 130048K, 24% used [0x0000000080000000,0x0000000081ef9da0,0x0000000087f00000)
 Metaspace       used 56879K, capacity 59084K, committed 59136K, reserved 1099776K
  class space    used 7965K, capacity 8448K, committed 8448K, reserved 1048576K
Event: 13.138 GC heap after
Heap after GC invocations=12 (full 3):
 PSYoungGen      total 277504K, used 0K [0x00000000d5580000, 0x00000000ea300000, 0x0000000100000000)
  eden space 263168K, 0% used [0x00000000d5580000,0x00000000d5580000,0x00000000e5680000)
  from space 14336K, 0% used [0x00000000e5680000,0x00000000e5680000,0x00000000e6480000)
  to   space 22016K, 0% used [0x00000000e8d80000,0x00000000e8d80000,0x00000000ea300000)
 ParOldGen       total 130048K, used 42219K [0x0000000080000000, 0x0000000087f00000, 0x00000000d5580000)
  object space 130048K, 32% used [0x0000000080000000,0x000000008293ada0,0x0000000087f00000)
 Metaspace       used 56861K, capacity 59024K, committed 59136K, reserved 1099776K
  class space    used 7959K, capacity 8438K, committed 8448K, reserved 1048576K
}

