# JRE version: Java(TM) SE Runtime Environment (8.0_291-b10) (build 1.8.0_291-b10)
# Java VM: Java HotSpot(TM) 64-Bit Server VM (25.291-b10 mixed mode windows-amd64 compressed oops)
Heap:
 PSYoungGen      total 233472K, used 105972K [0x00000000d5580000, 0x00000000e5e00000, 0x0000000100000000)
  eden space 208384K, 38% used [0x00000000d5580000,0x00000000da47edc0,0x00000000e2100000)
  from space 25088K, 99% used [0x00000000e3f00000,0x00000000e577e4d8,0x00000000e5780000)
  to   space 30720K, 0% used [0x00000000e2100000,0x00000000e2100000,0x00000000e3f00000)
 ParOldGen       total 194048K, used 44175K [0x0000000080000000, 0x000000008bd80000, 0x00000000d5580000)
  object space 194048K, 22% used [0x0000000080000000,0x0000000082b23cf8,0x000000008bd80000)
 Metaspace       used 81042K, capacity 84532K, committed 84760K, reserved 1122304K
  class space    used 11052K, capacity 11767K, committed 11800K, reserved 1048576K
GC Heap History (10 events):
Event: 12.159 GC heap before
{Heap before GC invocations=13 (full 2):
 PSYoungGen      total 170496K, used 124542K [0x00000000d5580000, 0x00000000e1200000, 0x0000000100000000)
  eden space 158208K, 70% used [0x00000000d5580000,0x00000000dc324e20,0x00000000df000000)
  from space 12288K, 99% used [0x00000000e0000000,0x00000000e0bfad10,0x00000000e0c00000)
  to   space 16384K, 0% used [0x00000000df000000,0x00000000df000000,0x00000000e0000000)
 ParOldGen       total 122880K, used 22283K [0x0000000080000000, 0x0000000087800000, 0x00000000d5580000)
  object space 122880K, 18% used [0x0000000080000000,0x00000000815c2d58,0x0000000087800000)
 Metaspace       used 56915K, capacity 59026K, committed 59160K, reserved 1099776K
  class space    used 7970K, capacity 8449K, committed 8472K, reserved 1048576K
Event: 12.187 GC heap after
Heap after GC invocations=13 (full 2):
 PSYoungGen      total 174592K, used 16356K [0x00000000d5580000, 0x00000000e3780000, 0x0000000100000000)
  eden space 158208K, 0% used [0x00000000d5580000,0x00000000d5580000,0x00000000df000000)
  from space 16384K, 99% used [0x00000000df000000,0x00000000dfff9300,0x00000000e0000000)
  to   space 20992K, 0% used [0x00000000e2300000,0x00000000e2300000,0x00000000e3780000)
 ParOldGen       total 122880K, used 30475K [0x0000000080000000, 0x0000000087800000, 0x00000000d5580000)
  object space 122880K, 24% used [0x0000000080000000,0x0000000081dc2f80,0x0000000087800000)
 Metaspace       used 56915K, capacity 59026K, committed 59160K, reserved 1099776K
  class space    used 7970K, capacity 8449K, committed 8472K, reserved 1048576K
}
Event: 12.187 GC heap before
{Heap before GC invocations=14 (full 3):
 PSYoungGen      total 174592K, used 16356K [0x00000000d5580000, 0x00000000e3780000, 0x0000000100000000)
  eden space 158208K, 0% used [0x00000000d5580000,0x00000000d5580000,0x00000000df000000)
  from space 16384K, 99% used [0x00000000df000000,0x00000000dfff9300,0x00000000e0000000)
  to   space 20992K, 0% used [0x00000000e2300000,0x00000000e2300000,0x00000000e3780000)
 ParOldGen       total 122880K, used 30475K [0x0000000080000000, 0x0000000087800000, 0x00000000d5580000)
  object space 122880K, 24% used [0x0000000080000000,0x0000000081dc2f80,0x0000000087800000)
 Metaspace       used 56915K, capacity 59026K, committed 59160K, reserved 1099776K
  class space    used 7970K, capacity 8449K, committed 8472K, reserved 1048576K
Event: 12.451 GC heap after
Heap after GC invocations=14 (full 3):
 PSYoungGen      total 174592K, used 0K [0x00000000d5580000, 0x00000000e3780000, 0x0000000100000000)
  eden space 158208K, 0% used [0x00000000d5580000,0x00000000d5580000,0x00000000df000000)
  from space 16384K, 0% used [0x00000000df000000,0x00000000df000000,0x00000000e0000000)
  to   space 20992K, 0% used [0x00000000e2300000,0x00000000e2300000,0x00000000e3780000)
 ParOldGen       total 194048K, used 37790K [0x0000000080000000, 0x000000008bd80000, 0x00000000d5580000)
  object space 194048K, 19% used [0x0000000080000000,0x00000000824e7b98,0x000000008bd80000)
 Metaspace       used 56895K, capacity 58960K, committed 59160K, reserved 1099776K
  class space    used 7964K, capacity 8438K, committed 8472K, reserved 1048576K
}
Event: 15.515 GC heap before
{Heap before GC invocations=15 (full 3):
 PSYoungGen      total 174592K, used 158208K [0x00000000d5580000, 0x00000000e3780000, 0x0000000100000000)
  eden space 158208K, 100% used [0x00000000d5580000,0x00000000df000000,0x00000000df000000)
  from space 16384K, 0% used [0x00000000df000000,0x00000000df000000,0x00000000e0000000)
  to   space 20992K, 0% used [0x00000000e2300000,0x00000000e2300000,0x00000000e3780000)
 ParOldGen       total 194048K, used 37790K [0x0000000080000000, 0x000000008bd80000, 0x00000000d5580000)
  object space 194048K, 19% used [0x0000000080000000,0x00000000824e7b98,0x000000008bd80000)
 Metaspace       used 68872K, capacity 71562K, committed 71704K, reserved 1110016K
  class space    used 9639K, capacity 10215K, committed 10264K, reserved 1048576K
Event: 15.543 GC heap after
Heap after GC invocations=15 (full 3):
 PSYoungGen      total 206336K, used 17639K [0x00000000d5580000, 0x00000000e3780000, 0x0000000100000000)
  eden space 185344K, 0% used [0x00000000d5580000,0x00000000d5580000,0x00000000e0a80000)
  from space 20992K, 84% used [0x00000000e2300000,0x00000000e3439f28,0x00000000e3780000)
  to   space 23040K, 0% used [0x00000000e0a80000,0x00000000e0a80000,0x00000000e2100000)
 ParOldGen       total 194048K, used 37862K [0x0000000080000000, 0x000000008bd80000, 0x00000000d5580000)
  object space 194048K, 19% used [0x0000000080000000,0x00000000824f9ba8,0x000000008bd80000)
 Metaspace       used 68872K, capacity 71562K, committed 71704K, reserved 1110016K
  class space    used 9639K, capacity 10215K, committed 10264K, reserved 1048576K
}
Event: 19.309 GC heap before
{Heap before GC invocations=16 (full 3):
 PSYoungGen      total 206336K, used 202983K [0x00000000d5580000, 0x00000000e3780000, 0x0000000100000000)
  eden space 185344K, 100% used [0x00000000d5580000,0x00000000e0a80000,0x00000000e0a80000)
  from space 20992K, 84% used [0x00000000e2300000,0x00000000e3439f28,0x00000000e3780000)
  to   space 23040K, 0% used [0x00000000e0a80000,0x00000000e0a80000,0x00000000e2100000)
 ParOldGen       total 194048K, used 37862K [0x0000000080000000, 0x000000008bd80000, 0x00000000d5580000)
  object space 194048K, 19% used [0x0000000080000000,0x00000000824f9ba8,0x000000008bd80000)
 Metaspace       used 70797K, capacity 73886K, committed 74008K, reserved 1112064K
  class space    used 9834K, capacity 10417K, committed 10520K, reserved 1048576K
Event: 19.340 GC heap after
Heap after GC invocations=16 (full 3):
 PSYoungGen      total 208384K, used 19888K [0x00000000d5580000, 0x00000000e5780000, 0x0000000100000000)
  eden space 185344K, 0% used [0x00000000d5580000,0x00000000d5580000,0x00000000e0a80000)
  from space 23040K, 86% used [0x00000000e0a80000,0x00000000e1dec090,0x00000000e2100000)
  to   space 25088K, 0% used [0x00000000e3f00000,0x00000000e3f00000,0x00000000e5780000)
 ParOldGen       total 194048K, used 37870K [0x0000000080000000, 0x000000008bd80000, 0x00000000d5580000)
  object space 194048K, 19% used [0x0000000080000000,0x00000000824fbba8,0x000000008bd80000)
 Metaspace       used 70797K, capacity 73886K, committed 74008K, reserved 1112064K
  class space    used 9834K, capacity 10417K, committed 10520K, reserved 1048576K
}
Event: 46.953 GC heap before
{Heap before GC invocations=17 (full 3):
 PSYoungGen      total 208384K, used 205232K [0x00000000d5580000, 0x00000000e5780000, 0x0000000100000000)
  eden space 185344K, 100% used [0x00000000d5580000,0x00000000e0a80000,0x00000000e0a80000)
  from space 23040K, 86% used [0x00000000e0a80000,0x00000000e1dec090,0x00000000e2100000)
  to   space 25088K, 0% used [0x00000000e3f00000,0x00000000e3f00000,0x00000000e5780000)
 ParOldGen       total 194048K, used 37870K [0x0000000080000000, 0x000000008bd80000, 0x00000000d5580000)
  object space 194048K, 19% used [0x0000000080000000,0x00000000824fbba8,0x000000008bd80000)
 Metaspace       used 78983K, capacity 82386K, committed 82584K, reserved 1120256K
  class space    used 10921K, capacity 11602K, committed 11672K, reserved 1048576K
Event: 47.036 GC heap after
Heap after GC invocations=17 (full 3):
 PSYoungGen      total 233472K, used 25081K [0x00000000d5580000, 0x00000000e5e00000, 0x0000000100000000)
  eden space 208384K, 0% used [0x00000000d5580000,0x00000000d5580000,0x00000000e2100000)
  from space 25088K, 99% used [0x00000000e3f00000,0x00000000e577e4d8,0x00000000e5780000)
  to   space 30720K, 0% used [0x00000000e2100000,0x00000000e2100000,0x00000000e3f00000)
 ParOldGen       total 194048K, used 44175K [0x0000000080000000, 0x000000008bd80000, 0x00000000d5580000)
  object space 194048K, 22% used [0x0000000080000000,0x0000000082b23cf8,0x000000008bd80000)
 Metaspace       used 78983K, capacity 82386K, committed 82584K, reserved 1120256K
  class space    used 10921K, capacity 11602K, committed 11672K, reserved 1048576K
}

